-------------------------------------------------------------------------------
Test set: fr.lirmm.graphik.DEFT.core.DefeasibleKBTest
-------------------------------------------------------------------------------
Tests run: 22, Failures: 1, Errors: 15, Skipped: 0, Time elapsed: 0.674 sec <<< FAILURE!
testRulesOrder(fr.lirmm.graphik.DEFT.core.DefeasibleKBTest)  Time elapsed: 0.366 sec  <<< ERROR!
java.lang.ArrayIndexOutOfBoundsException: -1
	at fr.lirmm.graphik.graal.core.atomset.graph.AtomEdge.indexOf(AtomEdge.java:116)
	at fr.lirmm.graphik.graal.homomorphism.bootstrapper.StarBootstrapper.execOverRewritings(StarBootstrapper.java:171)
	at fr.lirmm.graphik.graal.homomorphism.bootstrapper.StarBootstrapper.exec(StarBootstrapper.java:146)
	at fr.lirmm.graphik.graal.homomorphism.BacktrackIterator.getFirstValue(BacktrackIterator.java:365)
	at fr.lirmm.graphik.graal.homomorphism.BacktrackIterator.computeNext(BacktrackIterator.java:319)
	at fr.lirmm.graphik.graal.homomorphism.BacktrackIterator.hasNext(BacktrackIterator.java:185)
	at fr.lirmm.graphik.util.stream.Utils.uniq(Utils.java:117)
	at fr.lirmm.graphik.graal.homomorphism.BacktrackHomomorphism.execute(BacktrackHomomorphism.java:163)
	at fr.lirmm.graphik.graal.homomorphism.BacktrackHomomorphism.execute(BacktrackHomomorphism.java:153)
	at fr.lirmm.graphik.graal.homomorphism.BacktrackHomomorphism.execute(BacktrackHomomorphism.java:72)
	at fr.lirmm.graphik.graal.homomorphism.StaticHomomorphism.execute(StaticHomomorphism.java:113)
	at fr.lirmm.graphik.DEFT.dialectical_tree.ArgumentationFramework.getAttackersFor(ArgumentationFramework.java:63)
	at fr.lirmm.graphik.DEFT.dialectical_tree.ArgumentationFramework.getDefeatersFor(ArgumentationFramework.java:114)
	at fr.lirmm.graphik.DEFT.dialectical_tree.ArgumentationFramework.computeDialecticalTreeFor(ArgumentationFramework.java:141)
	at fr.lirmm.graphik.DEFT.dialectical_tree.ArgumentationFramework.isDefeated(ArgumentationFramework.java:127)
	at fr.lirmm.graphik.DEFT.core.DefeasibleKB.EntailmentStatus(DefeasibleKB.java:394)
	at fr.lirmm.graphik.DEFT.core.DefeasibleKBTest.testRulesOrder(DefeasibleKBTest.java:535)
	at sun.reflect.NativeMethodAccessorImpl.invoke0(Native Method)
	at sun.reflect.NativeMethodAccessorImpl.invoke(NativeMethodAccessorImpl.java:57)
	at sun.reflect.DelegatingMethodAccessorImpl.invoke(DelegatingMethodAccessorImpl.java:43)
	at java.lang.reflect.Method.invoke(Method.java:606)
	at org.junit.runners.model.FrameworkMethod$1.runReflectiveCall(FrameworkMethod.java:47)
	at org.junit.internal.runners.model.ReflectiveCallable.run(ReflectiveCallable.java:12)
	at org.junit.runners.model.FrameworkMethod.invokeExplosively(FrameworkMethod.java:44)
	at org.junit.internal.runners.statements.InvokeMethod.evaluate(InvokeMethod.java:17)
	at org.junit.internal.runners.statements.RunBefores.evaluate(RunBefores.java:26)
	at org.junit.internal.runners.statements.RunAfters.evaluate(RunAfters.java:27)
	at org.junit.runners.ParentRunner.runLeaf(ParentRunner.java:271)
	at org.junit.runners.BlockJUnit4ClassRunner.runChild(BlockJUnit4ClassRunner.java:70)
	at org.junit.runners.BlockJUnit4ClassRunner.runChild(BlockJUnit4ClassRunner.java:50)
	at org.junit.runners.ParentRunner$3.run(ParentRunner.java:238)
	at org.junit.runners.ParentRunner$1.schedule(ParentRunner.java:63)
	at org.junit.runners.ParentRunner.runChildren(ParentRunner.java:236)
	at org.junit.runners.ParentRunner.access$000(ParentRunner.java:53)
	at org.junit.runners.ParentRunner$2.evaluate(ParentRunner.java:229)
	at org.junit.runners.ParentRunner.run(ParentRunner.java:309)
	at org.apache.maven.surefire.junit4.JUnit4TestSet.execute(JUnit4TestSet.java:53)
	at org.apache.maven.surefire.junit4.JUnit4Provider.executeTestSet(JUnit4Provider.java:123)
	at org.apache.maven.surefire.junit4.JUnit4Provider.invoke(JUnit4Provider.java:104)
	at sun.reflect.NativeMethodAccessorImpl.invoke0(Native Method)
	at sun.reflect.NativeMethodAccessorImpl.invoke(NativeMethodAccessorImpl.java:57)
	at sun.reflect.DelegatingMethodAccessorImpl.invoke(DelegatingMethodAccessorImpl.java:43)
	at java.lang.reflect.Method.invoke(Method.java:606)
	at org.apache.maven.surefire.util.ReflectionUtils.invokeMethodWithArray(ReflectionUtils.java:164)
	at org.apache.maven.surefire.booter.ProviderFactory$ProviderProxy.invoke(ProviderFactory.java:110)
	at org.apache.maven.surefire.booter.SurefireStarter.invokeProvider(SurefireStarter.java:175)
	at org.apache.maven.surefire.booter.SurefireStarter.runSuitesInProcessWhenForked(SurefireStarter.java:107)
	at org.apache.maven.surefire.booter.ForkedBooter.main(ForkedBooter.java:68)
testNegativeConstraintAtomsOrder(fr.lirmm.graphik.DEFT.core.DefeasibleKBTest)  Time elapsed: 0.017 sec  <<< ERROR!
java.lang.ArrayIndexOutOfBoundsException: -1
	at fr.lirmm.graphik.graal.core.atomset.graph.AtomEdge.indexOf(AtomEdge.java:116)
	at fr.lirmm.graphik.graal.homomorphism.bootstrapper.StarBootstrapper.execOverRewritings(StarBootstrapper.java:171)
	at fr.lirmm.graphik.graal.homomorphism.bootstrapper.StarBootstrapper.exec(StarBootstrapper.java:146)
	at fr.lirmm.graphik.graal.homomorphism.BacktrackIterator.getFirstValue(BacktrackIterator.java:365)
	at fr.lirmm.graphik.graal.homomorphism.BacktrackIterator.computeNext(BacktrackIterator.java:319)
	at fr.lirmm.graphik.graal.homomorphism.BacktrackIterator.hasNext(BacktrackIterator.java:185)
	at fr.lirmm.graphik.util.stream.Utils.uniq(Utils.java:117)
	at fr.lirmm.graphik.graal.homomorphism.BacktrackHomomorphism.execute(BacktrackHomomorphism.java:163)
	at fr.lirmm.graphik.graal.homomorphism.BacktrackHomomorphism.execute(BacktrackHomomorphism.java:153)
	at fr.lirmm.graphik.graal.homomorphism.BacktrackHomomorphism.execute(BacktrackHomomorphism.java:72)
	at fr.lirmm.graphik.graal.homomorphism.StaticHomomorphism.execute(StaticHomomorphism.java:113)
	at fr.lirmm.graphik.DEFT.dialectical_tree.ArgumentationFramework.getAttackersFor(ArgumentationFramework.java:63)
	at fr.lirmm.graphik.DEFT.core.DefeasibleKBTest.testNegativeConstraintAtomsOrder(DefeasibleKBTest.java:478)
	at sun.reflect.NativeMethodAccessorImpl.invoke0(Native Method)
	at sun.reflect.NativeMethodAccessorImpl.invoke(NativeMethodAccessorImpl.java:57)
	at sun.reflect.DelegatingMethodAccessorImpl.invoke(DelegatingMethodAccessorImpl.java:43)
	at java.lang.reflect.Method.invoke(Method.java:606)
	at org.junit.runners.model.FrameworkMethod$1.runReflectiveCall(FrameworkMethod.java:47)
	at org.junit.internal.runners.model.ReflectiveCallable.run(ReflectiveCallable.java:12)
	at org.junit.runners.model.FrameworkMethod.invokeExplosively(FrameworkMethod.java:44)
	at org.junit.internal.runners.statements.InvokeMethod.evaluate(InvokeMethod.java:17)
	at org.junit.internal.runners.statements.RunBefores.evaluate(RunBefores.java:26)
	at org.junit.internal.runners.statements.RunAfters.evaluate(RunAfters.java:27)
	at org.junit.runners.ParentRunner.runLeaf(ParentRunner.java:271)
	at org.junit.runners.BlockJUnit4ClassRunner.runChild(BlockJUnit4ClassRunner.java:70)
	at org.junit.runners.BlockJUnit4ClassRunner.runChild(BlockJUnit4ClassRunner.java:50)
	at org.junit.runners.ParentRunner$3.run(ParentRunner.java:238)
	at org.junit.runners.ParentRunner$1.schedule(ParentRunner.java:63)
	at org.junit.runners.ParentRunner.runChildren(ParentRunner.java:236)
	at org.junit.runners.ParentRunner.access$000(ParentRunner.java:53)
	at org.junit.runners.ParentRunner$2.evaluate(ParentRunner.java:229)
	at org.junit.runners.ParentRunner.run(ParentRunner.java:309)
	at org.apache.maven.surefire.junit4.JUnit4TestSet.execute(JUnit4TestSet.java:53)
	at org.apache.maven.surefire.junit4.JUnit4Provider.executeTestSet(JUnit4Provider.java:123)
	at org.apache.maven.surefire.junit4.JUnit4Provider.invoke(JUnit4Provider.java:104)
	at sun.reflect.NativeMethodAccessorImpl.invoke0(Native Method)
	at sun.reflect.NativeMethodAccessorImpl.invoke(NativeMethodAccessorImpl.java:57)
	at sun.reflect.DelegatingMethodAccessorImpl.invoke(DelegatingMethodAccessorImpl.java:43)
	at java.lang.reflect.Method.invoke(Method.java:606)
	at org.apache.maven.surefire.util.ReflectionUtils.invokeMethodWithArray(ReflectionUtils.java:164)
	at org.apache.maven.surefire.booter.ProviderFactory$ProviderProxy.invoke(ProviderFactory.java:110)
	at org.apache.maven.surefire.booter.SurefireStarter.invokeProvider(SurefireStarter.java:175)
	at org.apache.maven.surefire.booter.SurefireStarter.runSuitesInProcessWhenForked(SurefireStarter.java:107)
	at org.apache.maven.surefire.booter.ForkedBooter.main(ForkedBooter.java:68)
testEntailementCase10(fr.lirmm.graphik.DEFT.core.DefeasibleKBTest)  Time elapsed: 0.019 sec  <<< ERROR!
java.lang.ArrayIndexOutOfBoundsException: -1
	at fr.lirmm.graphik.graal.core.atomset.graph.AtomEdge.indexOf(AtomEdge.java:116)
	at fr.lirmm.graphik.graal.homomorphism.bootstrapper.StarBootstrapper.execOverRewritings(StarBootstrapper.java:171)
	at fr.lirmm.graphik.graal.homomorphism.bootstrapper.StarBootstrapper.exec(StarBootstrapper.java:146)
	at fr.lirmm.graphik.graal.homomorphism.BacktrackIterator.getFirstValue(BacktrackIterator.java:365)
	at fr.lirmm.graphik.graal.homomorphism.BacktrackIterator.computeNext(BacktrackIterator.java:319)
	at fr.lirmm.graphik.graal.homomorphism.BacktrackIterator.hasNext(BacktrackIterator.java:185)
	at fr.lirmm.graphik.util.stream.Utils.uniq(Utils.java:117)
	at fr.lirmm.graphik.graal.homomorphism.BacktrackHomomorphism.execute(BacktrackHomomorphism.java:163)
	at fr.lirmm.graphik.graal.homomorphism.BacktrackHomomorphism.execute(BacktrackHomomorphism.java:153)
	at fr.lirmm.graphik.graal.homomorphism.BacktrackHomomorphism.execute(BacktrackHomomorphism.java:72)
	at fr.lirmm.graphik.graal.homomorphism.StaticHomomorphism.execute(StaticHomomorphism.java:113)
	at fr.lirmm.graphik.DEFT.dialectical_tree.ArgumentationFramework.getAttackersFor(ArgumentationFramework.java:63)
	at fr.lirmm.graphik.DEFT.dialectical_tree.ArgumentationFramework.getDefeatersFor(ArgumentationFramework.java:114)
	at fr.lirmm.graphik.DEFT.dialectical_tree.ArgumentationFramework.computeDialecticalTreeFor(ArgumentationFramework.java:141)
	at fr.lirmm.graphik.DEFT.dialectical_tree.ArgumentationFramework.isDefeated(ArgumentationFramework.java:127)
	at fr.lirmm.graphik.DEFT.core.DefeasibleKB.EntailmentStatus(DefeasibleKB.java:394)
	at fr.lirmm.graphik.DEFT.core.DefeasibleKBTest.testEntailementCase10(DefeasibleKBTest.java:415)
	at sun.reflect.NativeMethodAccessorImpl.invoke0(Native Method)
	at sun.reflect.NativeMethodAccessorImpl.invoke(NativeMethodAccessorImpl.java:57)
	at sun.reflect.DelegatingMethodAccessorImpl.invoke(DelegatingMethodAccessorImpl.java:43)
	at java.lang.reflect.Method.invoke(Method.java:606)
	at org.junit.runners.model.FrameworkMethod$1.runReflectiveCall(FrameworkMethod.java:47)
	at org.junit.internal.runners.model.ReflectiveCallable.run(ReflectiveCallable.java:12)
	at org.junit.runners.model.FrameworkMethod.invokeExplosively(FrameworkMethod.java:44)
	at org.junit.internal.runners.statements.InvokeMethod.evaluate(InvokeMethod.java:17)
	at org.junit.internal.runners.statements.RunBefores.evaluate(RunBefores.java:26)
	at org.junit.internal.runners.statements.RunAfters.evaluate(RunAfters.java:27)
	at org.junit.runners.ParentRunner.runLeaf(ParentRunner.java:271)
	at org.junit.runners.BlockJUnit4ClassRunner.runChild(BlockJUnit4ClassRunner.java:70)
	at org.junit.runners.BlockJUnit4ClassRunner.runChild(BlockJUnit4ClassRunner.java:50)
	at org.junit.runners.ParentRunner$3.run(ParentRunner.java:238)
	at org.junit.runners.ParentRunner$1.schedule(ParentRunner.java:63)
	at org.junit.runners.ParentRunner.runChildren(ParentRunner.java:236)
	at org.junit.runners.ParentRunner.access$000(ParentRunner.java:53)
	at org.junit.runners.ParentRunner$2.evaluate(ParentRunner.java:229)
	at org.junit.runners.ParentRunner.run(ParentRunner.java:309)
	at org.apache.maven.surefire.junit4.JUnit4TestSet.execute(JUnit4TestSet.java:53)
	at org.apache.maven.surefire.junit4.JUnit4Provider.executeTestSet(JUnit4Provider.java:123)
	at org.apache.maven.surefire.junit4.JUnit4Provider.invoke(JUnit4Provider.java:104)
	at sun.reflect.NativeMethodAccessorImpl.invoke0(Native Method)
	at sun.reflect.NativeMethodAccessorImpl.invoke(NativeMethodAccessorImpl.java:57)
	at sun.reflect.DelegatingMethodAccessorImpl.invoke(DelegatingMethodAccessorImpl.java:43)
	at java.lang.reflect.Method.invoke(Method.java:606)
	at org.apache.maven.surefire.util.ReflectionUtils.invokeMethodWithArray(ReflectionUtils.java:164)
	at org.apache.maven.surefire.booter.ProviderFactory$ProviderProxy.invoke(ProviderFactory.java:110)
	at org.apache.maven.surefire.booter.SurefireStarter.invokeProvider(SurefireStarter.java:175)
	at org.apache.maven.surefire.booter.SurefireStarter.runSuitesInProcessWhenForked(SurefireStarter.java:107)
	at org.apache.maven.surefire.booter.ForkedBooter.main(ForkedBooter.java:68)
testEntailementCase11(fr.lirmm.graphik.DEFT.core.DefeasibleKBTest)  Time elapsed: 0.017 sec  <<< ERROR!
java.lang.ArrayIndexOutOfBoundsException: -1
	at fr.lirmm.graphik.graal.core.atomset.graph.AtomEdge.indexOf(AtomEdge.java:116)
	at fr.lirmm.graphik.graal.homomorphism.bootstrapper.StarBootstrapper.execOverRewritings(StarBootstrapper.java:171)
	at fr.lirmm.graphik.graal.homomorphism.bootstrapper.StarBootstrapper.exec(StarBootstrapper.java:146)
	at fr.lirmm.graphik.graal.homomorphism.BacktrackIterator.getFirstValue(BacktrackIterator.java:365)
	at fr.lirmm.graphik.graal.homomorphism.BacktrackIterator.computeNext(BacktrackIterator.java:319)
	at fr.lirmm.graphik.graal.homomorphism.BacktrackIterator.hasNext(BacktrackIterator.java:185)
	at fr.lirmm.graphik.util.stream.Utils.uniq(Utils.java:117)
	at fr.lirmm.graphik.graal.homomorphism.BacktrackHomomorphism.execute(BacktrackHomomorphism.java:163)
	at fr.lirmm.graphik.graal.homomorphism.BacktrackHomomorphism.execute(BacktrackHomomorphism.java:153)
	at fr.lirmm.graphik.graal.homomorphism.BacktrackHomomorphism.execute(BacktrackHomomorphism.java:72)
	at fr.lirmm.graphik.graal.homomorphism.StaticHomomorphism.execute(StaticHomomorphism.java:113)
	at fr.lirmm.graphik.DEFT.dialectical_tree.ArgumentationFramework.getAttackersFor(ArgumentationFramework.java:63)
	at fr.lirmm.graphik.DEFT.dialectical_tree.ArgumentationFramework.getDefeatersFor(ArgumentationFramework.java:114)
	at fr.lirmm.graphik.DEFT.dialectical_tree.ArgumentationFramework.computeDialecticalTreeFor(ArgumentationFramework.java:141)
	at fr.lirmm.graphik.DEFT.dialectical_tree.ArgumentationFramework.isDefeated(ArgumentationFramework.java:127)
	at fr.lirmm.graphik.DEFT.core.DefeasibleKB.EntailmentStatus(DefeasibleKB.java:394)
	at fr.lirmm.graphik.DEFT.core.DefeasibleKBTest.testEntailementCase11(DefeasibleKBTest.java:445)
	at sun.reflect.NativeMethodAccessorImpl.invoke0(Native Method)
	at sun.reflect.NativeMethodAccessorImpl.invoke(NativeMethodAccessorImpl.java:57)
	at sun.reflect.DelegatingMethodAccessorImpl.invoke(DelegatingMethodAccessorImpl.java:43)
	at java.lang.reflect.Method.invoke(Method.java:606)
	at org.junit.runners.model.FrameworkMethod$1.runReflectiveCall(FrameworkMethod.java:47)
	at org.junit.internal.runners.model.ReflectiveCallable.run(ReflectiveCallable.java:12)
	at org.junit.runners.model.FrameworkMethod.invokeExplosively(FrameworkMethod.java:44)
	at org.junit.internal.runners.statements.InvokeMethod.evaluate(InvokeMethod.java:17)
	at org.junit.internal.runners.statements.RunBefores.evaluate(RunBefores.java:26)
	at org.junit.internal.runners.statements.RunAfters.evaluate(RunAfters.java:27)
	at org.junit.runners.ParentRunner.runLeaf(ParentRunner.java:271)
	at org.junit.runners.BlockJUnit4ClassRunner.runChild(BlockJUnit4ClassRunner.java:70)
	at org.junit.runners.BlockJUnit4ClassRunner.runChild(BlockJUnit4ClassRunner.java:50)
	at org.junit.runners.ParentRunner$3.run(ParentRunner.java:238)
	at org.junit.runners.ParentRunner$1.schedule(ParentRunner.java:63)
	at org.junit.runners.ParentRunner.runChildren(ParentRunner.java:236)
	at org.junit.runners.ParentRunner.access$000(ParentRunner.java:53)
	at org.junit.runners.ParentRunner$2.evaluate(ParentRunner.java:229)
	at org.junit.runners.ParentRunner.run(ParentRunner.java:309)
	at org.apache.maven.surefire.junit4.JUnit4TestSet.execute(JUnit4TestSet.java:53)
	at org.apache.maven.surefire.junit4.JUnit4Provider.executeTestSet(JUnit4Provider.java:123)
	at org.apache.maven.surefire.junit4.JUnit4Provider.invoke(JUnit4Provider.java:104)
	at sun.reflect.NativeMethodAccessorImpl.invoke0(Native Method)
	at sun.reflect.NativeMethodAccessorImpl.invoke(NativeMethodAccessorImpl.java:57)
	at sun.reflect.DelegatingMethodAccessorImpl.invoke(DelegatingMethodAccessorImpl.java:43)
	at java.lang.reflect.Method.invoke(Method.java:606)
	at org.apache.maven.surefire.util.ReflectionUtils.invokeMethodWithArray(ReflectionUtils.java:164)
	at org.apache.maven.surefire.booter.ProviderFactory$ProviderProxy.invoke(ProviderFactory.java:110)
	at org.apache.maven.surefire.booter.SurefireStarter.invokeProvider(SurefireStarter.java:175)
	at org.apache.maven.surefire.booter.SurefireStarter.runSuitesInProcessWhenForked(SurefireStarter.java:107)
	at org.apache.maven.surefire.booter.ForkedBooter.main(ForkedBooter.java:68)
testEntailementCase1(fr.lirmm.graphik.DEFT.core.DefeasibleKBTest)  Time elapsed: 0.009 sec  <<< ERROR!
java.lang.ArrayIndexOutOfBoundsException: -1
	at fr.lirmm.graphik.graal.core.atomset.graph.AtomEdge.indexOf(AtomEdge.java:116)
	at fr.lirmm.graphik.graal.homomorphism.bootstrapper.StarBootstrapper.execOverRewritings(StarBootstrapper.java:171)
	at fr.lirmm.graphik.graal.homomorphism.bootstrapper.StarBootstrapper.exec(StarBootstrapper.java:146)
	at fr.lirmm.graphik.graal.homomorphism.BacktrackIterator.getFirstValue(BacktrackIterator.java:365)
	at fr.lirmm.graphik.graal.homomorphism.BacktrackIterator.computeNext(BacktrackIterator.java:319)
	at fr.lirmm.graphik.graal.homomorphism.BacktrackIterator.hasNext(BacktrackIterator.java:185)
	at fr.lirmm.graphik.util.stream.Utils.uniq(Utils.java:117)
	at fr.lirmm.graphik.graal.homomorphism.BacktrackHomomorphism.execute(BacktrackHomomorphism.java:163)
	at fr.lirmm.graphik.graal.homomorphism.BacktrackHomomorphism.execute(BacktrackHomomorphism.java:153)
	at fr.lirmm.graphik.graal.homomorphism.BacktrackHomomorphism.execute(BacktrackHomomorphism.java:72)
	at fr.lirmm.graphik.graal.homomorphism.StaticHomomorphism.execute(StaticHomomorphism.java:113)
	at fr.lirmm.graphik.DEFT.dialectical_tree.ArgumentationFramework.getAttackersFor(ArgumentationFramework.java:63)
	at fr.lirmm.graphik.DEFT.dialectical_tree.ArgumentationFramework.getDefeatersFor(ArgumentationFramework.java:114)
	at fr.lirmm.graphik.DEFT.dialectical_tree.ArgumentationFramework.computeDialecticalTreeFor(ArgumentationFramework.java:141)
	at fr.lirmm.graphik.DEFT.dialectical_tree.ArgumentationFramework.isDefeated(ArgumentationFramework.java:127)
	at fr.lirmm.graphik.DEFT.core.DefeasibleKB.EntailmentStatus(DefeasibleKB.java:394)
	at fr.lirmm.graphik.DEFT.core.DefeasibleKBTest.testEntailementCase1(DefeasibleKBTest.java:215)
	at sun.reflect.NativeMethodAccessorImpl.invoke0(Native Method)
	at sun.reflect.NativeMethodAccessorImpl.invoke(NativeMethodAccessorImpl.java:57)
	at sun.reflect.DelegatingMethodAccessorImpl.invoke(DelegatingMethodAccessorImpl.java:43)
	at java.lang.reflect.Method.invoke(Method.java:606)
	at org.junit.runners.model.FrameworkMethod$1.runReflectiveCall(FrameworkMethod.java:47)
	at org.junit.internal.runners.model.ReflectiveCallable.run(ReflectiveCallable.java:12)
	at org.junit.runners.model.FrameworkMethod.invokeExplosively(FrameworkMethod.java:44)
	at org.junit.internal.runners.statements.InvokeMethod.evaluate(InvokeMethod.java:17)
	at org.junit.internal.runners.statements.RunBefores.evaluate(RunBefores.java:26)
	at org.junit.internal.runners.statements.RunAfters.evaluate(RunAfters.java:27)
	at org.junit.runners.ParentRunner.runLeaf(ParentRunner.java:271)
	at org.junit.runners.BlockJUnit4ClassRunner.runChild(BlockJUnit4ClassRunner.java:70)
	at org.junit.runners.BlockJUnit4ClassRunner.runChild(BlockJUnit4ClassRunner.java:50)
	at org.junit.runners.ParentRunner$3.run(ParentRunner.java:238)
	at org.junit.runners.ParentRunner$1.schedule(ParentRunner.java:63)
	at org.junit.runners.ParentRunner.runChildren(ParentRunner.java:236)
	at org.junit.runners.ParentRunner.access$000(ParentRunner.java:53)
	at org.junit.runners.ParentRunner$2.evaluate(ParentRunner.java:229)
	at org.junit.runners.ParentRunner.run(ParentRunner.java:309)
	at org.apache.maven.surefire.junit4.JUnit4TestSet.execute(JUnit4TestSet.java:53)
	at org.apache.maven.surefire.junit4.JUnit4Provider.executeTestSet(JUnit4Provider.java:123)
	at org.apache.maven.surefire.junit4.JUnit4Provider.invoke(JUnit4Provider.java:104)
	at sun.reflect.NativeMethodAccessorImpl.invoke0(Native Method)
	at sun.reflect.NativeMethodAccessorImpl.invoke(NativeMethodAccessorImpl.java:57)
	at sun.reflect.DelegatingMethodAccessorImpl.invoke(DelegatingMethodAccessorImpl.java:43)
	at java.lang.reflect.Method.invoke(Method.java:606)
	at org.apache.maven.surefire.util.ReflectionUtils.invokeMethodWithArray(ReflectionUtils.java:164)
	at org.apache.maven.surefire.booter.ProviderFactory$ProviderProxy.invoke(ProviderFactory.java:110)
	at org.apache.maven.surefire.booter.SurefireStarter.invokeProvider(SurefireStarter.java:175)
	at org.apache.maven.surefire.booter.SurefireStarter.runSuitesInProcessWhenForked(SurefireStarter.java:107)
	at org.apache.maven.surefire.booter.ForkedBooter.main(ForkedBooter.java:68)
testEntailementCase2(fr.lirmm.graphik.DEFT.core.DefeasibleKBTest)  Time elapsed: 0.012 sec  <<< ERROR!
java.lang.ArrayIndexOutOfBoundsException: -1
	at fr.lirmm.graphik.graal.core.atomset.graph.AtomEdge.indexOf(AtomEdge.java:116)
	at fr.lirmm.graphik.graal.homomorphism.bootstrapper.StarBootstrapper.execOverRewritings(StarBootstrapper.java:171)
	at fr.lirmm.graphik.graal.homomorphism.bootstrapper.StarBootstrapper.exec(StarBootstrapper.java:146)
	at fr.lirmm.graphik.graal.homomorphism.BacktrackIterator.getFirstValue(BacktrackIterator.java:365)
	at fr.lirmm.graphik.graal.homomorphism.BacktrackIterator.computeNext(BacktrackIterator.java:319)
	at fr.lirmm.graphik.graal.homomorphism.BacktrackIterator.hasNext(BacktrackIterator.java:185)
	at fr.lirmm.graphik.util.stream.Utils.uniq(Utils.java:117)
	at fr.lirmm.graphik.graal.homomorphism.BacktrackHomomorphism.execute(BacktrackHomomorphism.java:163)
	at fr.lirmm.graphik.graal.homomorphism.BacktrackHomomorphism.execute(BacktrackHomomorphism.java:153)
	at fr.lirmm.graphik.graal.homomorphism.BacktrackHomomorphism.execute(BacktrackHomomorphism.java:72)
	at fr.lirmm.graphik.graal.homomorphism.StaticHomomorphism.execute(StaticHomomorphism.java:113)
	at fr.lirmm.graphik.DEFT.dialectical_tree.ArgumentationFramework.getAttackersFor(ArgumentationFramework.java:63)
	at fr.lirmm.graphik.DEFT.dialectical_tree.ArgumentationFramework.getDefeatersFor(ArgumentationFramework.java:114)
	at fr.lirmm.graphik.DEFT.dialectical_tree.ArgumentationFramework.computeDialecticalTreeFor(ArgumentationFramework.java:141)
	at fr.lirmm.graphik.DEFT.dialectical_tree.ArgumentationFramework.isDefeated(ArgumentationFramework.java:127)
	at fr.lirmm.graphik.DEFT.core.DefeasibleKB.EntailmentStatus(DefeasibleKB.java:394)
	at fr.lirmm.graphik.DEFT.core.DefeasibleKBTest.testEntailementCase2(DefeasibleKBTest.java:234)
	at sun.reflect.NativeMethodAccessorImpl.invoke0(Native Method)
	at sun.reflect.NativeMethodAccessorImpl.invoke(NativeMethodAccessorImpl.java:57)
	at sun.reflect.DelegatingMethodAccessorImpl.invoke(DelegatingMethodAccessorImpl.java:43)
	at java.lang.reflect.Method.invoke(Method.java:606)
	at org.junit.runners.model.FrameworkMethod$1.runReflectiveCall(FrameworkMethod.java:47)
	at org.junit.internal.runners.model.ReflectiveCallable.run(ReflectiveCallable.java:12)
	at org.junit.runners.model.FrameworkMethod.invokeExplosively(FrameworkMethod.java:44)
	at org.junit.internal.runners.statements.InvokeMethod.evaluate(InvokeMethod.java:17)
	at org.junit.internal.runners.statements.RunBefores.evaluate(RunBefores.java:26)
	at org.junit.internal.runners.statements.RunAfters.evaluate(RunAfters.java:27)
	at org.junit.runners.ParentRunner.runLeaf(ParentRunner.java:271)
	at org.junit.runners.BlockJUnit4ClassRunner.runChild(BlockJUnit4ClassRunner.java:70)
	at org.junit.runners.BlockJUnit4ClassRunner.runChild(BlockJUnit4ClassRunner.java:50)
	at org.junit.runners.ParentRunner$3.run(ParentRunner.java:238)
	at org.junit.runners.ParentRunner$1.schedule(ParentRunner.java:63)
	at org.junit.runners.ParentRunner.runChildren(ParentRunner.java:236)
	at org.junit.runners.ParentRunner.access$000(ParentRunner.java:53)
	at org.junit.runners.ParentRunner$2.evaluate(ParentRunner.java:229)
	at org.junit.runners.ParentRunner.run(ParentRunner.java:309)
	at org.apache.maven.surefire.junit4.JUnit4TestSet.execute(JUnit4TestSet.java:53)
	at org.apache.maven.surefire.junit4.JUnit4Provider.executeTestSet(JUnit4Provider.java:123)
	at org.apache.maven.surefire.junit4.JUnit4Provider.invoke(JUnit4Provider.java:104)
	at sun.reflect.NativeMethodAccessorImpl.invoke0(Native Method)
	at sun.reflect.NativeMethodAccessorImpl.invoke(NativeMethodAccessorImpl.java:57)
	at sun.reflect.DelegatingMethodAccessorImpl.invoke(DelegatingMethodAccessorImpl.java:43)
	at java.lang.reflect.Method.invoke(Method.java:606)
	at org.apache.maven.surefire.util.ReflectionUtils.invokeMethodWithArray(ReflectionUtils.java:164)
	at org.apache.maven.surefire.booter.ProviderFactory$ProviderProxy.invoke(ProviderFactory.java:110)
	at org.apache.maven.surefire.booter.SurefireStarter.invokeProvider(SurefireStarter.java:175)
	at org.apache.maven.surefire.booter.SurefireStarter.runSuitesInProcessWhenForked(SurefireStarter.java:107)
	at org.apache.maven.surefire.booter.ForkedBooter.main(ForkedBooter.java:68)
testEntailementCase3(fr.lirmm.graphik.DEFT.core.DefeasibleKBTest)  Time elapsed: 0.018 sec  <<< ERROR!
java.lang.ArrayIndexOutOfBoundsException: -1
	at fr.lirmm.graphik.graal.core.atomset.graph.AtomEdge.indexOf(AtomEdge.java:116)
	at fr.lirmm.graphik.graal.homomorphism.bootstrapper.StarBootstrapper.execOverRewritings(StarBootstrapper.java:171)
	at fr.lirmm.graphik.graal.homomorphism.bootstrapper.StarBootstrapper.exec(StarBootstrapper.java:146)
	at fr.lirmm.graphik.graal.homomorphism.BacktrackIterator.getFirstValue(BacktrackIterator.java:365)
	at fr.lirmm.graphik.graal.homomorphism.BacktrackIterator.computeNext(BacktrackIterator.java:319)
	at fr.lirmm.graphik.graal.homomorphism.BacktrackIterator.hasNext(BacktrackIterator.java:185)
	at fr.lirmm.graphik.util.stream.Utils.uniq(Utils.java:117)
	at fr.lirmm.graphik.graal.homomorphism.BacktrackHomomorphism.execute(BacktrackHomomorphism.java:163)
	at fr.lirmm.graphik.graal.homomorphism.BacktrackHomomorphism.execute(BacktrackHomomorphism.java:153)
	at fr.lirmm.graphik.graal.homomorphism.BacktrackHomomorphism.execute(BacktrackHomomorphism.java:72)
	at fr.lirmm.graphik.graal.homomorphism.StaticHomomorphism.execute(StaticHomomorphism.java:113)
	at fr.lirmm.graphik.DEFT.dialectical_tree.ArgumentationFramework.getAttackersFor(ArgumentationFramework.java:63)
	at fr.lirmm.graphik.DEFT.dialectical_tree.ArgumentationFramework.getDefeatersFor(ArgumentationFramework.java:114)
	at fr.lirmm.graphik.DEFT.dialectical_tree.ArgumentationFramework.computeDialecticalTreeFor(ArgumentationFramework.java:141)
	at fr.lirmm.graphik.DEFT.dialectical_tree.ArgumentationFramework.isDefeated(ArgumentationFramework.java:127)
	at fr.lirmm.graphik.DEFT.core.DefeasibleKB.EntailmentStatus(DefeasibleKB.java:394)
	at fr.lirmm.graphik.DEFT.core.DefeasibleKBTest.testEntailementCase3(DefeasibleKBTest.java:253)
	at sun.reflect.NativeMethodAccessorImpl.invoke0(Native Method)
	at sun.reflect.NativeMethodAccessorImpl.invoke(NativeMethodAccessorImpl.java:57)
	at sun.reflect.DelegatingMethodAccessorImpl.invoke(DelegatingMethodAccessorImpl.java:43)
	at java.lang.reflect.Method.invoke(Method.java:606)
	at org.junit.runners.model.FrameworkMethod$1.runReflectiveCall(FrameworkMethod.java:47)
	at org.junit.internal.runners.model.ReflectiveCallable.run(ReflectiveCallable.java:12)
	at org.junit.runners.model.FrameworkMethod.invokeExplosively(FrameworkMethod.java:44)
	at org.junit.internal.runners.statements.InvokeMethod.evaluate(InvokeMethod.java:17)
	at org.junit.internal.runners.statements.RunBefores.evaluate(RunBefores.java:26)
	at org.junit.internal.runners.statements.RunAfters.evaluate(RunAfters.java:27)
	at org.junit.runners.ParentRunner.runLeaf(ParentRunner.java:271)
	at org.junit.runners.BlockJUnit4ClassRunner.runChild(BlockJUnit4ClassRunner.java:70)
	at org.junit.runners.BlockJUnit4ClassRunner.runChild(BlockJUnit4ClassRunner.java:50)
	at org.junit.runners.ParentRunner$3.run(ParentRunner.java:238)
	at org.junit.runners.ParentRunner$1.schedule(ParentRunner.java:63)
	at org.junit.runners.ParentRunner.runChildren(ParentRunner.java:236)
	at org.junit.runners.ParentRunner.access$000(ParentRunner.java:53)
	at org.junit.runners.ParentRunner$2.evaluate(ParentRunner.java:229)
	at org.junit.runners.ParentRunner.run(ParentRunner.java:309)
	at org.apache.maven.surefire.junit4.JUnit4TestSet.execute(JUnit4TestSet.java:53)
	at org.apache.maven.surefire.junit4.JUnit4Provider.executeTestSet(JUnit4Provider.java:123)
	at org.apache.maven.surefire.junit4.JUnit4Provider.invoke(JUnit4Provider.java:104)
	at sun.reflect.NativeMethodAccessorImpl.invoke0(Native Method)
	at sun.reflect.NativeMethodAccessorImpl.invoke(NativeMethodAccessorImpl.java:57)
	at sun.reflect.DelegatingMethodAccessorImpl.invoke(DelegatingMethodAccessorImpl.java:43)
	at java.lang.reflect.Method.invoke(Method.java:606)
	at org.apache.maven.surefire.util.ReflectionUtils.invokeMethodWithArray(ReflectionUtils.java:164)
	at org.apache.maven.surefire.booter.ProviderFactory$ProviderProxy.invoke(ProviderFactory.java:110)
	at org.apache.maven.surefire.booter.SurefireStarter.invokeProvider(SurefireStarter.java:175)
	at org.apache.maven.surefire.booter.SurefireStarter.runSuitesInProcessWhenForked(SurefireStarter.java:107)
	at org.apache.maven.surefire.booter.ForkedBooter.main(ForkedBooter.java:68)
testEntailementCase4(fr.lirmm.graphik.DEFT.core.DefeasibleKBTest)  Time elapsed: 0.012 sec  <<< ERROR!
java.lang.ArrayIndexOutOfBoundsException: -1
	at fr.lirmm.graphik.graal.core.atomset.graph.AtomEdge.indexOf(AtomEdge.java:116)
	at fr.lirmm.graphik.graal.homomorphism.bootstrapper.StarBootstrapper.execOverRewritings(StarBootstrapper.java:171)
	at fr.lirmm.graphik.graal.homomorphism.bootstrapper.StarBootstrapper.exec(StarBootstrapper.java:146)
	at fr.lirmm.graphik.graal.homomorphism.BacktrackIterator.getFirstValue(BacktrackIterator.java:365)
	at fr.lirmm.graphik.graal.homomorphism.BacktrackIterator.computeNext(BacktrackIterator.java:319)
	at fr.lirmm.graphik.graal.homomorphism.BacktrackIterator.hasNext(BacktrackIterator.java:185)
	at fr.lirmm.graphik.util.stream.Utils.uniq(Utils.java:117)
	at fr.lirmm.graphik.graal.homomorphism.BacktrackHomomorphism.execute(BacktrackHomomorphism.java:163)
	at fr.lirmm.graphik.graal.homomorphism.BacktrackHomomorphism.execute(BacktrackHomomorphism.java:153)
	at fr.lirmm.graphik.graal.homomorphism.BacktrackHomomorphism.execute(BacktrackHomomorphism.java:72)
	at fr.lirmm.graphik.graal.homomorphism.StaticHomomorphism.execute(StaticHomomorphism.java:113)
	at fr.lirmm.graphik.DEFT.dialectical_tree.ArgumentationFramework.getAttackersFor(ArgumentationFramework.java:63)
	at fr.lirmm.graphik.DEFT.dialectical_tree.ArgumentationFramework.getDefeatersFor(ArgumentationFramework.java:114)
	at fr.lirmm.graphik.DEFT.dialectical_tree.ArgumentationFramework.computeDialecticalTreeFor(ArgumentationFramework.java:141)
	at fr.lirmm.graphik.DEFT.dialectical_tree.ArgumentationFramework.isDefeated(ArgumentationFramework.java:127)
	at fr.lirmm.graphik.DEFT.core.DefeasibleKB.EntailmentStatus(DefeasibleKB.java:394)
	at fr.lirmm.graphik.DEFT.core.DefeasibleKBTest.testEntailementCase4(DefeasibleKBTest.java:275)
	at sun.reflect.NativeMethodAccessorImpl.invoke0(Native Method)
	at sun.reflect.NativeMethodAccessorImpl.invoke(NativeMethodAccessorImpl.java:57)
	at sun.reflect.DelegatingMethodAccessorImpl.invoke(DelegatingMethodAccessorImpl.java:43)
	at java.lang.reflect.Method.invoke(Method.java:606)
	at org.junit.runners.model.FrameworkMethod$1.runReflectiveCall(FrameworkMethod.java:47)
	at org.junit.internal.runners.model.ReflectiveCallable.run(ReflectiveCallable.java:12)
	at org.junit.runners.model.FrameworkMethod.invokeExplosively(FrameworkMethod.java:44)
	at org.junit.internal.runners.statements.InvokeMethod.evaluate(InvokeMethod.java:17)
	at org.junit.internal.runners.statements.RunBefores.evaluate(RunBefores.java:26)
	at org.junit.internal.runners.statements.RunAfters.evaluate(RunAfters.java:27)
	at org.junit.runners.ParentRunner.runLeaf(ParentRunner.java:271)
	at org.junit.runners.BlockJUnit4ClassRunner.runChild(BlockJUnit4ClassRunner.java:70)
	at org.junit.runners.BlockJUnit4ClassRunner.runChild(BlockJUnit4ClassRunner.java:50)
	at org.junit.runners.ParentRunner$3.run(ParentRunner.java:238)
	at org.junit.runners.ParentRunner$1.schedule(ParentRunner.java:63)
	at org.junit.runners.ParentRunner.runChildren(ParentRunner.java:236)
	at org.junit.runners.ParentRunner.access$000(ParentRunner.java:53)
	at org.junit.runners.ParentRunner$2.evaluate(ParentRunner.java:229)
	at org.junit.runners.ParentRunner.run(ParentRunner.java:309)
	at org.apache.maven.surefire.junit4.JUnit4TestSet.execute(JUnit4TestSet.java:53)
	at org.apache.maven.surefire.junit4.JUnit4Provider.executeTestSet(JUnit4Provider.java:123)
	at org.apache.maven.surefire.junit4.JUnit4Provider.invoke(JUnit4Provider.java:104)
	at sun.reflect.NativeMethodAccessorImpl.invoke0(Native Method)
	at sun.reflect.NativeMethodAccessorImpl.invoke(NativeMethodAccessorImpl.java:57)
	at sun.reflect.DelegatingMethodAccessorImpl.invoke(DelegatingMethodAccessorImpl.java:43)
	at java.lang.reflect.Method.invoke(Method.java:606)
	at org.apache.maven.surefire.util.ReflectionUtils.invokeMethodWithArray(ReflectionUtils.java:164)
	at org.apache.maven.surefire.booter.ProviderFactory$ProviderProxy.invoke(ProviderFactory.java:110)
	at org.apache.maven.surefire.booter.SurefireStarter.invokeProvider(SurefireStarter.java:175)
	at org.apache.maven.surefire.booter.SurefireStarter.runSuitesInProcessWhenForked(SurefireStarter.java:107)
	at org.apache.maven.surefire.booter.ForkedBooter.main(ForkedBooter.java:68)
testEntailementCase5(fr.lirmm.graphik.DEFT.core.DefeasibleKBTest)  Time elapsed: 0.013 sec  <<< ERROR!
java.lang.ArrayIndexOutOfBoundsException: -1
	at fr.lirmm.graphik.graal.core.atomset.graph.AtomEdge.indexOf(AtomEdge.java:116)
	at fr.lirmm.graphik.graal.homomorphism.bootstrapper.StarBootstrapper.execOverRewritings(StarBootstrapper.java:171)
	at fr.lirmm.graphik.graal.homomorphism.bootstrapper.StarBootstrapper.exec(StarBootstrapper.java:146)
	at fr.lirmm.graphik.graal.homomorphism.BacktrackIterator.getFirstValue(BacktrackIterator.java:365)
	at fr.lirmm.graphik.graal.homomorphism.BacktrackIterator.computeNext(BacktrackIterator.java:319)
	at fr.lirmm.graphik.graal.homomorphism.BacktrackIterator.hasNext(BacktrackIterator.java:185)
	at fr.lirmm.graphik.util.stream.Utils.uniq(Utils.java:117)
	at fr.lirmm.graphik.graal.homomorphism.BacktrackHomomorphism.execute(BacktrackHomomorphism.java:163)
	at fr.lirmm.graphik.graal.homomorphism.BacktrackHomomorphism.execute(BacktrackHomomorphism.java:153)
	at fr.lirmm.graphik.graal.homomorphism.BacktrackHomomorphism.execute(BacktrackHomomorphism.java:72)
	at fr.lirmm.graphik.graal.homomorphism.StaticHomomorphism.execute(StaticHomomorphism.java:113)
	at fr.lirmm.graphik.DEFT.dialectical_tree.ArgumentationFramework.getAttackersFor(ArgumentationFramework.java:63)
	at fr.lirmm.graphik.DEFT.dialectical_tree.ArgumentationFramework.getDefeatersFor(ArgumentationFramework.java:114)
	at fr.lirmm.graphik.DEFT.dialectical_tree.ArgumentationFramework.computeDialecticalTreeFor(ArgumentationFramework.java:141)
	at fr.lirmm.graphik.DEFT.dialectical_tree.ArgumentationFramework.isDefeated(ArgumentationFramework.java:127)
	at fr.lirmm.graphik.DEFT.core.DefeasibleKB.EntailmentStatus(DefeasibleKB.java:394)
	at fr.lirmm.graphik.DEFT.core.DefeasibleKBTest.testEntailementCase5(DefeasibleKBTest.java:297)
	at sun.reflect.NativeMethodAccessorImpl.invoke0(Native Method)
	at sun.reflect.NativeMethodAccessorImpl.invoke(NativeMethodAccessorImpl.java:57)
	at sun.reflect.DelegatingMethodAccessorImpl.invoke(DelegatingMethodAccessorImpl.java:43)
	at java.lang.reflect.Method.invoke(Method.java:606)
	at org.junit.runners.model.FrameworkMethod$1.runReflectiveCall(FrameworkMethod.java:47)
	at org.junit.internal.runners.model.ReflectiveCallable.run(ReflectiveCallable.java:12)
	at org.junit.runners.model.FrameworkMethod.invokeExplosively(FrameworkMethod.java:44)
	at org.junit.internal.runners.statements.InvokeMethod.evaluate(InvokeMethod.java:17)
	at org.junit.internal.runners.statements.RunBefores.evaluate(RunBefores.java:26)
	at org.junit.internal.runners.statements.RunAfters.evaluate(RunAfters.java:27)
	at org.junit.runners.ParentRunner.runLeaf(ParentRunner.java:271)
	at org.junit.runners.BlockJUnit4ClassRunner.runChild(BlockJUnit4ClassRunner.java:70)
	at org.junit.runners.BlockJUnit4ClassRunner.runChild(BlockJUnit4ClassRunner.java:50)
	at org.junit.runners.ParentRunner$3.run(ParentRunner.java:238)
	at org.junit.runners.ParentRunner$1.schedule(ParentRunner.java:63)
	at org.junit.runners.ParentRunner.runChildren(ParentRunner.java:236)
	at org.junit.runners.ParentRunner.access$000(ParentRunner.java:53)
	at org.junit.runners.ParentRunner$2.evaluate(ParentRunner.java:229)
	at org.junit.runners.ParentRunner.run(ParentRunner.java:309)
	at org.apache.maven.surefire.junit4.JUnit4TestSet.execute(JUnit4TestSet.java:53)
	at org.apache.maven.surefire.junit4.JUnit4Provider.executeTestSet(JUnit4Provider.java:123)
	at org.apache.maven.surefire.junit4.JUnit4Provider.invoke(JUnit4Provider.java:104)
	at sun.reflect.NativeMethodAccessorImpl.invoke0(Native Method)
	at sun.reflect.NativeMethodAccessorImpl.invoke(NativeMethodAccessorImpl.java:57)
	at sun.reflect.DelegatingMethodAccessorImpl.invoke(DelegatingMethodAccessorImpl.java:43)
	at java.lang.reflect.Method.invoke(Method.java:606)
	at org.apache.maven.surefire.util.ReflectionUtils.invokeMethodWithArray(ReflectionUtils.java:164)
	at org.apache.maven.surefire.booter.ProviderFactory$ProviderProxy.invoke(ProviderFactory.java:110)
	at org.apache.maven.surefire.booter.SurefireStarter.invokeProvider(SurefireStarter.java:175)
	at org.apache.maven.surefire.booter.SurefireStarter.runSuitesInProcessWhenForked(SurefireStarter.java:107)
	at org.apache.maven.surefire.booter.ForkedBooter.main(ForkedBooter.java:68)
testEntailementCase6(fr.lirmm.graphik.DEFT.core.DefeasibleKBTest)  Time elapsed: 0.016 sec  <<< ERROR!
java.lang.ArrayIndexOutOfBoundsException: -1
	at fr.lirmm.graphik.graal.core.atomset.graph.AtomEdge.indexOf(AtomEdge.java:116)
	at fr.lirmm.graphik.graal.homomorphism.bootstrapper.StarBootstrapper.execOverRewritings(StarBootstrapper.java:171)
	at fr.lirmm.graphik.graal.homomorphism.bootstrapper.StarBootstrapper.exec(StarBootstrapper.java:146)
	at fr.lirmm.graphik.graal.homomorphism.BacktrackIterator.getFirstValue(BacktrackIterator.java:365)
	at fr.lirmm.graphik.graal.homomorphism.BacktrackIterator.computeNext(BacktrackIterator.java:319)
	at fr.lirmm.graphik.graal.homomorphism.BacktrackIterator.hasNext(BacktrackIterator.java:185)
	at fr.lirmm.graphik.util.stream.Utils.uniq(Utils.java:117)
	at fr.lirmm.graphik.graal.homomorphism.BacktrackHomomorphism.execute(BacktrackHomomorphism.java:163)
	at fr.lirmm.graphik.graal.homomorphism.BacktrackHomomorphism.execute(BacktrackHomomorphism.java:153)
	at fr.lirmm.graphik.graal.homomorphism.BacktrackHomomorphism.execute(BacktrackHomomorphism.java:72)
	at fr.lirmm.graphik.graal.homomorphism.StaticHomomorphism.execute(StaticHomomorphism.java:113)
	at fr.lirmm.graphik.DEFT.dialectical_tree.ArgumentationFramework.getAttackersFor(ArgumentationFramework.java:63)
	at fr.lirmm.graphik.DEFT.dialectical_tree.ArgumentationFramework.getDefeatersFor(ArgumentationFramework.java:114)
	at fr.lirmm.graphik.DEFT.dialectical_tree.ArgumentationFramework.computeDialecticalTreeFor(ArgumentationFramework.java:141)
	at fr.lirmm.graphik.DEFT.dialectical_tree.ArgumentationFramework.isDefeated(ArgumentationFramework.java:127)
	at fr.lirmm.graphik.DEFT.core.DefeasibleKB.EntailmentStatus(DefeasibleKB.java:394)
	at fr.lirmm.graphik.DEFT.core.DefeasibleKBTest.testEntailementCase6(DefeasibleKBTest.java:319)
	at sun.reflect.NativeMethodAccessorImpl.invoke0(Native Method)
	at sun.reflect.NativeMethodAccessorImpl.invoke(NativeMethodAccessorImpl.java:57)
	at sun.reflect.DelegatingMethodAccessorImpl.invoke(DelegatingMethodAccessorImpl.java:43)
	at java.lang.reflect.Method.invoke(Method.java:606)
	at org.junit.runners.model.FrameworkMethod$1.runReflectiveCall(FrameworkMethod.java:47)
	at org.junit.internal.runners.model.ReflectiveCallable.run(ReflectiveCallable.java:12)
	at org.junit.runners.model.FrameworkMethod.invokeExplosively(FrameworkMethod.java:44)
	at org.junit.internal.runners.statements.InvokeMethod.evaluate(InvokeMethod.java:17)
	at org.junit.internal.runners.statements.RunBefores.evaluate(RunBefores.java:26)
	at org.junit.internal.runners.statements.RunAfters.evaluate(RunAfters.java:27)
	at org.junit.runners.ParentRunner.runLeaf(ParentRunner.java:271)
	at org.junit.runners.BlockJUnit4ClassRunner.runChild(BlockJUnit4ClassRunner.java:70)
	at org.junit.runners.BlockJUnit4ClassRunner.runChild(BlockJUnit4ClassRunner.java:50)
	at org.junit.runners.ParentRunner$3.run(ParentRunner.java:238)
	at org.junit.runners.ParentRunner$1.schedule(ParentRunner.java:63)
	at org.junit.runners.ParentRunner.runChildren(ParentRunner.java:236)
	at org.junit.runners.ParentRunner.access$000(ParentRunner.java:53)
	at org.junit.runners.ParentRunner$2.evaluate(ParentRunner.java:229)
	at org.junit.runners.ParentRunner.run(ParentRunner.java:309)
	at org.apache.maven.surefire.junit4.JUnit4TestSet.execute(JUnit4TestSet.java:53)
	at org.apache.maven.surefire.junit4.JUnit4Provider.executeTestSet(JUnit4Provider.java:123)
	at org.apache.maven.surefire.junit4.JUnit4Provider.invoke(JUnit4Provider.java:104)
	at sun.reflect.NativeMethodAccessorImpl.invoke0(Native Method)
	at sun.reflect.NativeMethodAccessorImpl.invoke(NativeMethodAccessorImpl.java:57)
	at sun.reflect.DelegatingMethodAccessorImpl.invoke(DelegatingMethodAccessorImpl.java:43)
	at java.lang.reflect.Method.invoke(Method.java:606)
	at org.apache.maven.surefire.util.ReflectionUtils.invokeMethodWithArray(ReflectionUtils.java:164)
	at org.apache.maven.surefire.booter.ProviderFactory$ProviderProxy.invoke(ProviderFactory.java:110)
	at org.apache.maven.surefire.booter.SurefireStarter.invokeProvider(SurefireStarter.java:175)
	at org.apache.maven.surefire.booter.SurefireStarter.runSuitesInProcessWhenForked(SurefireStarter.java:107)
	at org.apache.maven.surefire.booter.ForkedBooter.main(ForkedBooter.java:68)
testEntailementCase7(fr.lirmm.graphik.DEFT.core.DefeasibleKBTest)  Time elapsed: 0.017 sec  <<< ERROR!
java.lang.ArrayIndexOutOfBoundsException: -1
	at fr.lirmm.graphik.graal.core.atomset.graph.AtomEdge.indexOf(AtomEdge.java:116)
	at fr.lirmm.graphik.graal.homomorphism.bootstrapper.StarBootstrapper.execOverRewritings(StarBootstrapper.java:171)
	at fr.lirmm.graphik.graal.homomorphism.bootstrapper.StarBootstrapper.exec(StarBootstrapper.java:146)
	at fr.lirmm.graphik.graal.homomorphism.BacktrackIterator.getFirstValue(BacktrackIterator.java:365)
	at fr.lirmm.graphik.graal.homomorphism.BacktrackIterator.computeNext(BacktrackIterator.java:319)
	at fr.lirmm.graphik.graal.homomorphism.BacktrackIterator.hasNext(BacktrackIterator.java:185)
	at fr.lirmm.graphik.util.stream.Utils.uniq(Utils.java:117)
	at fr.lirmm.graphik.graal.homomorphism.BacktrackHomomorphism.execute(BacktrackHomomorphism.java:163)
	at fr.lirmm.graphik.graal.homomorphism.BacktrackHomomorphism.execute(BacktrackHomomorphism.java:153)
	at fr.lirmm.graphik.graal.homomorphism.BacktrackHomomorphism.execute(BacktrackHomomorphism.java:72)
	at fr.lirmm.graphik.graal.homomorphism.StaticHomomorphism.execute(StaticHomomorphism.java:113)
	at fr.lirmm.graphik.DEFT.dialectical_tree.ArgumentationFramework.getAttackersFor(ArgumentationFramework.java:63)
	at fr.lirmm.graphik.DEFT.dialectical_tree.ArgumentationFramework.getDefeatersFor(ArgumentationFramework.java:114)
	at fr.lirmm.graphik.DEFT.dialectical_tree.ArgumentationFramework.computeDialecticalTreeFor(ArgumentationFramework.java:141)
	at fr.lirmm.graphik.DEFT.dialectical_tree.ArgumentationFramework.isDefeated(ArgumentationFramework.java:127)
	at fr.lirmm.graphik.DEFT.core.DefeasibleKB.EntailmentStatus(DefeasibleKB.java:394)
	at fr.lirmm.graphik.DEFT.core.DefeasibleKBTest.testEntailementCase7(DefeasibleKBTest.java:341)
	at sun.reflect.NativeMethodAccessorImpl.invoke0(Native Method)
	at sun.reflect.NativeMethodAccessorImpl.invoke(NativeMethodAccessorImpl.java:57)
	at sun.reflect.DelegatingMethodAccessorImpl.invoke(DelegatingMethodAccessorImpl.java:43)
	at java.lang.reflect.Method.invoke(Method.java:606)
	at org.junit.runners.model.FrameworkMethod$1.runReflectiveCall(FrameworkMethod.java:47)
	at org.junit.internal.runners.model.ReflectiveCallable.run(ReflectiveCallable.java:12)
	at org.junit.runners.model.FrameworkMethod.invokeExplosively(FrameworkMethod.java:44)
	at org.junit.internal.runners.statements.InvokeMethod.evaluate(InvokeMethod.java:17)
	at org.junit.internal.runners.statements.RunBefores.evaluate(RunBefores.java:26)
	at org.junit.internal.runners.statements.RunAfters.evaluate(RunAfters.java:27)
	at org.junit.runners.ParentRunner.runLeaf(ParentRunner.java:271)
	at org.junit.runners.BlockJUnit4ClassRunner.runChild(BlockJUnit4ClassRunner.java:70)
	at org.junit.runners.BlockJUnit4ClassRunner.runChild(BlockJUnit4ClassRunner.java:50)
	at org.junit.runners.ParentRunner$3.run(ParentRunner.java:238)
	at org.junit.runners.ParentRunner$1.schedule(ParentRunner.java:63)
	at org.junit.runners.ParentRunner.runChildren(ParentRunner.java:236)
	at org.junit.runners.ParentRunner.access$000(ParentRunner.java:53)
	at org.junit.runners.ParentRunner$2.evaluate(ParentRunner.java:229)
	at org.junit.runners.ParentRunner.run(ParentRunner.java:309)
	at org.apache.maven.surefire.junit4.JUnit4TestSet.execute(JUnit4TestSet.java:53)
	at org.apache.maven.surefire.junit4.JUnit4Provider.executeTestSet(JUnit4Provider.java:123)
	at org.apache.maven.surefire.junit4.JUnit4Provider.invoke(JUnit4Provider.java:104)
	at sun.reflect.NativeMethodAccessorImpl.invoke0(Native Method)
	at sun.reflect.NativeMethodAccessorImpl.invoke(NativeMethodAccessorImpl.java:57)
	at sun.reflect.DelegatingMethodAccessorImpl.invoke(DelegatingMethodAccessorImpl.java:43)
	at java.lang.reflect.Method.invoke(Method.java:606)
	at org.apache.maven.surefire.util.ReflectionUtils.invokeMethodWithArray(ReflectionUtils.java:164)
	at org.apache.maven.surefire.booter.ProviderFactory$ProviderProxy.invoke(ProviderFactory.java:110)
	at org.apache.maven.surefire.booter.SurefireStarter.invokeProvider(SurefireStarter.java:175)
	at org.apache.maven.surefire.booter.SurefireStarter.runSuitesInProcessWhenForked(SurefireStarter.java:107)
	at org.apache.maven.surefire.booter.ForkedBooter.main(ForkedBooter.java:68)
testEntailementCase8(fr.lirmm.graphik.DEFT.core.DefeasibleKBTest)  Time elapsed: 0.015 sec  <<< ERROR!
java.lang.ArrayIndexOutOfBoundsException: -1
	at fr.lirmm.graphik.graal.core.atomset.graph.AtomEdge.indexOf(AtomEdge.java:116)
	at fr.lirmm.graphik.graal.homomorphism.bootstrapper.StarBootstrapper.execOverRewritings(StarBootstrapper.java:171)
	at fr.lirmm.graphik.graal.homomorphism.bootstrapper.StarBootstrapper.exec(StarBootstrapper.java:146)
	at fr.lirmm.graphik.graal.homomorphism.BacktrackIterator.getFirstValue(BacktrackIterator.java:365)
	at fr.lirmm.graphik.graal.homomorphism.BacktrackIterator.computeNext(BacktrackIterator.java:319)
	at fr.lirmm.graphik.graal.homomorphism.BacktrackIterator.hasNext(BacktrackIterator.java:185)
	at fr.lirmm.graphik.util.stream.Utils.uniq(Utils.java:117)
	at fr.lirmm.graphik.graal.homomorphism.BacktrackHomomorphism.execute(BacktrackHomomorphism.java:163)
	at fr.lirmm.graphik.graal.homomorphism.BacktrackHomomorphism.execute(BacktrackHomomorphism.java:153)
	at fr.lirmm.graphik.graal.homomorphism.BacktrackHomomorphism.execute(BacktrackHomomorphism.java:72)
	at fr.lirmm.graphik.graal.homomorphism.StaticHomomorphism.execute(StaticHomomorphism.java:113)
	at fr.lirmm.graphik.DEFT.dialectical_tree.ArgumentationFramework.getAttackersFor(ArgumentationFramework.java:63)
	at fr.lirmm.graphik.DEFT.dialectical_tree.ArgumentationFramework.getDefeatersFor(ArgumentationFramework.java:114)
	at fr.lirmm.graphik.DEFT.dialectical_tree.ArgumentationFramework.computeDialecticalTreeFor(ArgumentationFramework.java:141)
	at fr.lirmm.graphik.DEFT.dialectical_tree.ArgumentationFramework.isDefeated(ArgumentationFramework.java:127)
	at fr.lirmm.graphik.DEFT.core.DefeasibleKB.EntailmentStatus(DefeasibleKB.java:394)
	at fr.lirmm.graphik.DEFT.core.DefeasibleKBTest.testEntailementCase8(DefeasibleKBTest.java:363)
	at sun.reflect.NativeMethodAccessorImpl.invoke0(Native Method)
	at sun.reflect.NativeMethodAccessorImpl.invoke(NativeMethodAccessorImpl.java:57)
	at sun.reflect.DelegatingMethodAccessorImpl.invoke(DelegatingMethodAccessorImpl.java:43)
	at java.lang.reflect.Method.invoke(Method.java:606)
	at org.junit.runners.model.FrameworkMethod$1.runReflectiveCall(FrameworkMethod.java:47)
	at org.junit.internal.runners.model.ReflectiveCallable.run(ReflectiveCallable.java:12)
	at org.junit.runners.model.FrameworkMethod.invokeExplosively(FrameworkMethod.java:44)
	at org.junit.internal.runners.statements.InvokeMethod.evaluate(InvokeMethod.java:17)
	at org.junit.internal.runners.statements.RunBefores.evaluate(RunBefores.java:26)
	at org.junit.internal.runners.statements.RunAfters.evaluate(RunAfters.java:27)
	at org.junit.runners.ParentRunner.runLeaf(ParentRunner.java:271)
	at org.junit.runners.BlockJUnit4ClassRunner.runChild(BlockJUnit4ClassRunner.java:70)
	at org.junit.runners.BlockJUnit4ClassRunner.runChild(BlockJUnit4ClassRunner.java:50)
	at org.junit.runners.ParentRunner$3.run(ParentRunner.java:238)
	at org.junit.runners.ParentRunner$1.schedule(ParentRunner.java:63)
	at org.junit.runners.ParentRunner.runChildren(ParentRunner.java:236)
	at org.junit.runners.ParentRunner.access$000(ParentRunner.java:53)
	at org.junit.runners.ParentRunner$2.evaluate(ParentRunner.java:229)
	at org.junit.runners.ParentRunner.run(ParentRunner.java:309)
	at org.apache.maven.surefire.junit4.JUnit4TestSet.execute(JUnit4TestSet.java:53)
	at org.apache.maven.surefire.junit4.JUnit4Provider.executeTestSet(JUnit4Provider.java:123)
	at org.apache.maven.surefire.junit4.JUnit4Provider.invoke(JUnit4Provider.java:104)
	at sun.reflect.NativeMethodAccessorImpl.invoke0(Native Method)
	at sun.reflect.NativeMethodAccessorImpl.invoke(NativeMethodAccessorImpl.java:57)
	at sun.reflect.DelegatingMethodAccessorImpl.invoke(DelegatingMethodAccessorImpl.java:43)
	at java.lang.reflect.Method.invoke(Method.java:606)
	at org.apache.maven.surefire.util.ReflectionUtils.invokeMethodWithArray(ReflectionUtils.java:164)
	at org.apache.maven.surefire.booter.ProviderFactory$ProviderProxy.invoke(ProviderFactory.java:110)
	at org.apache.maven.surefire.booter.SurefireStarter.invokeProvider(SurefireStarter.java:175)
	at org.apache.maven.surefire.booter.SurefireStarter.runSuitesInProcessWhenForked(SurefireStarter.java:107)
	at org.apache.maven.surefire.booter.ForkedBooter.main(ForkedBooter.java:68)
testEntailementCase9(fr.lirmm.graphik.DEFT.core.DefeasibleKBTest)  Time elapsed: 0.039 sec  <<< ERROR!
java.lang.ArrayIndexOutOfBoundsException: -1
	at fr.lirmm.graphik.graal.core.atomset.graph.AtomEdge.indexOf(AtomEdge.java:116)
	at fr.lirmm.graphik.graal.homomorphism.bootstrapper.StarBootstrapper.execOverRewritings(StarBootstrapper.java:171)
	at fr.lirmm.graphik.graal.homomorphism.bootstrapper.StarBootstrapper.exec(StarBootstrapper.java:146)
	at fr.lirmm.graphik.graal.homomorphism.BacktrackIterator.getFirstValue(BacktrackIterator.java:365)
	at fr.lirmm.graphik.graal.homomorphism.BacktrackIterator.computeNext(BacktrackIterator.java:319)
	at fr.lirmm.graphik.graal.homomorphism.BacktrackIterator.hasNext(BacktrackIterator.java:185)
	at fr.lirmm.graphik.util.stream.Utils.uniq(Utils.java:117)
	at fr.lirmm.graphik.graal.homomorphism.BacktrackHomomorphism.execute(BacktrackHomomorphism.java:163)
	at fr.lirmm.graphik.graal.homomorphism.BacktrackHomomorphism.execute(BacktrackHomomorphism.java:153)
	at fr.lirmm.graphik.graal.homomorphism.BacktrackHomomorphism.execute(BacktrackHomomorphism.java:72)
	at fr.lirmm.graphik.graal.homomorphism.StaticHomomorphism.execute(StaticHomomorphism.java:113)
	at fr.lirmm.graphik.DEFT.dialectical_tree.ArgumentationFramework.getAttackersFor(ArgumentationFramework.java:63)
	at fr.lirmm.graphik.DEFT.dialectical_tree.ArgumentationFramework.getDefeatersFor(ArgumentationFramework.java:114)
	at fr.lirmm.graphik.DEFT.dialectical_tree.ArgumentationFramework.computeDialecticalTreeFor(ArgumentationFramework.java:141)
	at fr.lirmm.graphik.DEFT.dialectical_tree.ArgumentationFramework.isDefeated(ArgumentationFramework.java:127)
	at fr.lirmm.graphik.DEFT.core.DefeasibleKB.EntailmentStatus(DefeasibleKB.java:394)
	at fr.lirmm.graphik.DEFT.core.DefeasibleKBTest.testEntailementCase9(DefeasibleKBTest.java:389)
	at sun.reflect.NativeMethodAccessorImpl.invoke0(Native Method)
	at sun.reflect.NativeMethodAccessorImpl.invoke(NativeMethodAccessorImpl.java:57)
	at sun.reflect.DelegatingMethodAccessorImpl.invoke(DelegatingMethodAccessorImpl.java:43)
	at java.lang.reflect.Method.invoke(Method.java:606)
	at org.junit.runners.model.FrameworkMethod$1.runReflectiveCall(FrameworkMethod.java:47)
	at org.junit.internal.runners.model.ReflectiveCallable.run(ReflectiveCallable.java:12)
	at org.junit.runners.model.FrameworkMethod.invokeExplosively(FrameworkMethod.java:44)
	at org.junit.internal.runners.statements.InvokeMethod.evaluate(InvokeMethod.java:17)
	at org.junit.internal.runners.statements.RunBefores.evaluate(RunBefores.java:26)
	at org.junit.internal.runners.statements.RunAfters.evaluate(RunAfters.java:27)
	at org.junit.runners.ParentRunner.runLeaf(ParentRunner.java:271)
	at org.junit.runners.BlockJUnit4ClassRunner.runChild(BlockJUnit4ClassRunner.java:70)
	at org.junit.runners.BlockJUnit4ClassRunner.runChild(BlockJUnit4ClassRunner.java:50)
	at org.junit.runners.ParentRunner$3.run(ParentRunner.java:238)
	at org.junit.runners.ParentRunner$1.schedule(ParentRunner.java:63)
	at org.junit.runners.ParentRunner.runChildren(ParentRunner.java:236)
	at org.junit.runners.ParentRunner.access$000(ParentRunner.java:53)
	at org.junit.runners.ParentRunner$2.evaluate(ParentRunner.java:229)
	at org.junit.runners.ParentRunner.run(ParentRunner.java:309)
	at org.apache.maven.surefire.junit4.JUnit4TestSet.execute(JUnit4TestSet.java:53)
	at org.apache.maven.surefire.junit4.JUnit4Provider.executeTestSet(JUnit4Provider.java:123)
	at org.apache.maven.surefire.junit4.JUnit4Provider.invoke(JUnit4Provider.java:104)
	at sun.reflect.NativeMethodAccessorImpl.invoke0(Native Method)
	at sun.reflect.NativeMethodAccessorImpl.invoke(NativeMethodAccessorImpl.java:57)
	at sun.reflect.DelegatingMethodAccessorImpl.invoke(DelegatingMethodAccessorImpl.java:43)
	at java.lang.reflect.Method.invoke(Method.java:606)
	at org.apache.maven.surefire.util.ReflectionUtils.invokeMethodWithArray(ReflectionUtils.java:164)
	at org.apache.maven.surefire.booter.ProviderFactory$ProviderProxy.invoke(ProviderFactory.java:110)
	at org.apache.maven.surefire.booter.SurefireStarter.invokeProvider(SurefireStarter.java:175)
	at org.apache.maven.surefire.booter.SurefireStarter.runSuitesInProcessWhenForked(SurefireStarter.java:107)
	at org.apache.maven.surefire.booter.ForkedBooter.main(ForkedBooter.java:68)
testFileInstantiationEntailement(fr.lirmm.graphik.DEFT.core.DefeasibleKBTest)  Time elapsed: 0.011 sec  <<< ERROR!
java.lang.ArrayIndexOutOfBoundsException: -1
	at fr.lirmm.graphik.graal.core.atomset.graph.AtomEdge.indexOf(AtomEdge.java:116)
	at fr.lirmm.graphik.graal.homomorphism.bootstrapper.StarBootstrapper.execOverRewritings(StarBootstrapper.java:171)
	at fr.lirmm.graphik.graal.homomorphism.bootstrapper.StarBootstrapper.exec(StarBootstrapper.java:146)
	at fr.lirmm.graphik.graal.homomorphism.BacktrackIterator.getFirstValue(BacktrackIterator.java:365)
	at fr.lirmm.graphik.graal.homomorphism.BacktrackIterator.computeNext(BacktrackIterator.java:319)
	at fr.lirmm.graphik.graal.homomorphism.BacktrackIterator.hasNext(BacktrackIterator.java:185)
	at fr.lirmm.graphik.util.stream.Utils.uniq(Utils.java:117)
	at fr.lirmm.graphik.graal.homomorphism.BacktrackHomomorphism.execute(BacktrackHomomorphism.java:163)
	at fr.lirmm.graphik.graal.homomorphism.BacktrackHomomorphism.execute(BacktrackHomomorphism.java:153)
	at fr.lirmm.graphik.graal.homomorphism.BacktrackHomomorphism.execute(BacktrackHomomorphism.java:72)
	at fr.lirmm.graphik.graal.homomorphism.StaticHomomorphism.execute(StaticHomomorphism.java:113)
	at fr.lirmm.graphik.DEFT.dialectical_tree.ArgumentationFramework.getAttackersFor(ArgumentationFramework.java:63)
	at fr.lirmm.graphik.DEFT.dialectical_tree.ArgumentationFramework.getDefeatersFor(ArgumentationFramework.java:114)
	at fr.lirmm.graphik.DEFT.core.DefeasibleKBTest.testFileInstantiationEntailement(DefeasibleKBTest.java:170)
	at sun.reflect.NativeMethodAccessorImpl.invoke0(Native Method)
	at sun.reflect.NativeMethodAccessorImpl.invoke(NativeMethodAccessorImpl.java:57)
	at sun.reflect.DelegatingMethodAccessorImpl.invoke(DelegatingMethodAccessorImpl.java:43)
	at java.lang.reflect.Method.invoke(Method.java:606)
	at org.junit.runners.model.FrameworkMethod$1.runReflectiveCall(FrameworkMethod.java:47)
	at org.junit.internal.runners.model.ReflectiveCallable.run(ReflectiveCallable.java:12)
	at org.junit.runners.model.FrameworkMethod.invokeExplosively(FrameworkMethod.java:44)
	at org.junit.internal.runners.statements.InvokeMethod.evaluate(InvokeMethod.java:17)
	at org.junit.internal.runners.statements.RunBefores.evaluate(RunBefores.java:26)
	at org.junit.internal.runners.statements.RunAfters.evaluate(RunAfters.java:27)
	at org.junit.runners.ParentRunner.runLeaf(ParentRunner.java:271)
	at org.junit.runners.BlockJUnit4ClassRunner.runChild(BlockJUnit4ClassRunner.java:70)
	at org.junit.runners.BlockJUnit4ClassRunner.runChild(BlockJUnit4ClassRunner.java:50)
	at org.junit.runners.ParentRunner$3.run(ParentRunner.java:238)
	at org.junit.runners.ParentRunner$1.schedule(ParentRunner.java:63)
	at org.junit.runners.ParentRunner.runChildren(ParentRunner.java:236)
	at org.junit.runners.ParentRunner.access$000(ParentRunner.java:53)
	at org.junit.runners.ParentRunner$2.evaluate(ParentRunner.java:229)
	at org.junit.runners.ParentRunner.run(ParentRunner.java:309)
	at org.apache.maven.surefire.junit4.JUnit4TestSet.execute(JUnit4TestSet.java:53)
	at org.apache.maven.surefire.junit4.JUnit4Provider.executeTestSet(JUnit4Provider.java:123)
	at org.apache.maven.surefire.junit4.JUnit4Provider.invoke(JUnit4Provider.java:104)
	at sun.reflect.NativeMethodAccessorImpl.invoke0(Native Method)
	at sun.reflect.NativeMethodAccessorImpl.invoke(NativeMethodAccessorImpl.java:57)
	at sun.reflect.DelegatingMethodAccessorImpl.invoke(DelegatingMethodAccessorImpl.java:43)
	at java.lang.reflect.Method.invoke(Method.java:606)
	at org.apache.maven.surefire.util.ReflectionUtils.invokeMethodWithArray(ReflectionUtils.java:164)
	at org.apache.maven.surefire.booter.ProviderFactory$ProviderProxy.invoke(ProviderFactory.java:110)
	at org.apache.maven.surefire.booter.SurefireStarter.invokeProvider(SurefireStarter.java:175)
	at org.apache.maven.surefire.booter.SurefireStarter.runSuitesInProcessWhenForked(SurefireStarter.java:107)
	at org.apache.maven.surefire.booter.ForkedBooter.main(ForkedBooter.java:68)
testExplicitInstantiationEntailement(fr.lirmm.graphik.DEFT.core.DefeasibleKBTest)  Time elapsed: 0.012 sec  <<< ERROR!
java.lang.ArrayIndexOutOfBoundsException: -1
	at fr.lirmm.graphik.graal.core.atomset.graph.AtomEdge.indexOf(AtomEdge.java:116)
	at fr.lirmm.graphik.graal.homomorphism.bootstrapper.StarBootstrapper.execOverRewritings(StarBootstrapper.java:171)
	at fr.lirmm.graphik.graal.homomorphism.bootstrapper.StarBootstrapper.exec(StarBootstrapper.java:146)
	at fr.lirmm.graphik.graal.homomorphism.BacktrackIterator.getFirstValue(BacktrackIterator.java:365)
	at fr.lirmm.graphik.graal.homomorphism.BacktrackIterator.computeNext(BacktrackIterator.java:319)
	at fr.lirmm.graphik.graal.homomorphism.BacktrackIterator.hasNext(BacktrackIterator.java:185)
	at fr.lirmm.graphik.util.stream.Utils.uniq(Utils.java:117)
	at fr.lirmm.graphik.graal.homomorphism.BacktrackHomomorphism.execute(BacktrackHomomorphism.java:163)
	at fr.lirmm.graphik.graal.homomorphism.BacktrackHomomorphism.execute(BacktrackHomomorphism.java:153)
	at fr.lirmm.graphik.graal.homomorphism.BacktrackHomomorphism.execute(BacktrackHomomorphism.java:72)
	at fr.lirmm.graphik.graal.homomorphism.StaticHomomorphism.execute(StaticHomomorphism.java:113)
	at fr.lirmm.graphik.DEFT.dialectical_tree.ArgumentationFramework.getAttackersFor(ArgumentationFramework.java:63)
	at fr.lirmm.graphik.DEFT.dialectical_tree.ArgumentationFramework.getDefeatersFor(ArgumentationFramework.java:114)
	at fr.lirmm.graphik.DEFT.dialectical_tree.ArgumentationFramework.computeDialecticalTreeFor(ArgumentationFramework.java:141)
	at fr.lirmm.graphik.DEFT.dialectical_tree.ArgumentationFramework.isDefeated(ArgumentationFramework.java:127)
	at fr.lirmm.graphik.DEFT.core.DefeasibleKB.EntailmentStatus(DefeasibleKB.java:394)
	at fr.lirmm.graphik.DEFT.core.DefeasibleKBTest.testExplicitInstantiationEntailement(DefeasibleKBTest.java:196)
	at sun.reflect.NativeMethodAccessorImpl.invoke0(Native Method)
	at sun.reflect.NativeMethodAccessorImpl.invoke(NativeMethodAccessorImpl.java:57)
	at sun.reflect.DelegatingMethodAccessorImpl.invoke(DelegatingMethodAccessorImpl.java:43)
	at java.lang.reflect.Method.invoke(Method.java:606)
	at org.junit.runners.model.FrameworkMethod$1.runReflectiveCall(FrameworkMethod.java:47)
	at org.junit.internal.runners.model.ReflectiveCallable.run(ReflectiveCallable.java:12)
	at org.junit.runners.model.FrameworkMethod.invokeExplosively(FrameworkMethod.java:44)
	at org.junit.internal.runners.statements.InvokeMethod.evaluate(InvokeMethod.java:17)
	at org.junit.internal.runners.statements.RunBefores.evaluate(RunBefores.java:26)
	at org.junit.internal.runners.statements.RunAfters.evaluate(RunAfters.java:27)
	at org.junit.runners.ParentRunner.runLeaf(ParentRunner.java:271)
	at org.junit.runners.BlockJUnit4ClassRunner.runChild(BlockJUnit4ClassRunner.java:70)
	at org.junit.runners.BlockJUnit4ClassRunner.runChild(BlockJUnit4ClassRunner.java:50)
	at org.junit.runners.ParentRunner$3.run(ParentRunner.java:238)
	at org.junit.runners.ParentRunner$1.schedule(ParentRunner.java:63)
	at org.junit.runners.ParentRunner.runChildren(ParentRunner.java:236)
	at org.junit.runners.ParentRunner.access$000(ParentRunner.java:53)
	at org.junit.runners.ParentRunner$2.evaluate(ParentRunner.java:229)
	at org.junit.runners.ParentRunner.run(ParentRunner.java:309)
	at org.apache.maven.surefire.junit4.JUnit4TestSet.execute(JUnit4TestSet.java:53)
	at org.apache.maven.surefire.junit4.JUnit4Provider.executeTestSet(JUnit4Provider.java:123)
	at org.apache.maven.surefire.junit4.JUnit4Provider.invoke(JUnit4Provider.java:104)
	at sun.reflect.NativeMethodAccessorImpl.invoke0(Native Method)
	at sun.reflect.NativeMethodAccessorImpl.invoke(NativeMethodAccessorImpl.java:57)
	at sun.reflect.DelegatingMethodAccessorImpl.invoke(DelegatingMethodAccessorImpl.java:43)
	at java.lang.reflect.Method.invoke(Method.java:606)
	at org.apache.maven.surefire.util.ReflectionUtils.invokeMethodWithArray(ReflectionUtils.java:164)
	at org.apache.maven.surefire.booter.ProviderFactory$ProviderProxy.invoke(ProviderFactory.java:110)
	at org.apache.maven.surefire.booter.SurefireStarter.invokeProvider(SurefireStarter.java:175)
	at org.apache.maven.surefire.booter.SurefireStarter.runSuitesInProcessWhenForked(SurefireStarter.java:107)
	at org.apache.maven.surefire.booter.ForkedBooter.main(ForkedBooter.java:68)
testParseDefeasibleAtom(fr.lirmm.graphik.DEFT.core.DefeasibleKBTest)  Time elapsed: 0.007 sec  <<< FAILURE!
java.lang.AssertionError: Failure - Defeasible atom set must not be empty.
	at org.junit.Assert.fail(Assert.java:88)
	at org.junit.Assert.assertTrue(Assert.java:41)
	at org.junit.Assert.assertFalse(Assert.java:64)
	at fr.lirmm.graphik.DEFT.core.DefeasibleKBTest.testParseDefeasibleAtom(DefeasibleKBTest.java:82)
	at sun.reflect.NativeMethodAccessorImpl.invoke0(Native Method)
	at sun.reflect.NativeMethodAccessorImpl.invoke(NativeMethodAccessorImpl.java:57)
	at sun.reflect.DelegatingMethodAccessorImpl.invoke(DelegatingMethodAccessorImpl.java:43)
	at java.lang.reflect.Method.invoke(Method.java:606)
	at org.junit.runners.model.FrameworkMethod$1.runReflectiveCall(FrameworkMethod.java:47)
	at org.junit.internal.runners.model.ReflectiveCallable.run(ReflectiveCallable.java:12)
	at org.junit.runners.model.FrameworkMethod.invokeExplosively(FrameworkMethod.java:44)
	at org.junit.internal.runners.statements.InvokeMethod.evaluate(InvokeMethod.java:17)
	at org.junit.internal.runners.statements.RunBefores.evaluate(RunBefores.java:26)
	at org.junit.internal.runners.statements.RunAfters.evaluate(RunAfters.java:27)
	at org.junit.runners.ParentRunner.runLeaf(ParentRunner.java:271)
	at org.junit.runners.BlockJUnit4ClassRunner.runChild(BlockJUnit4ClassRunner.java:70)
	at org.junit.runners.BlockJUnit4ClassRunner.runChild(BlockJUnit4ClassRunner.java:50)
	at org.junit.runners.ParentRunner$3.run(ParentRunner.java:238)
	at org.junit.runners.ParentRunner$1.schedule(ParentRunner.java:63)
	at org.junit.runners.ParentRunner.runChildren(ParentRunner.java:236)
	at org.junit.runners.ParentRunner.access$000(ParentRunner.java:53)
	at org.junit.runners.ParentRunner$2.evaluate(ParentRunner.java:229)
	at org.junit.runners.ParentRunner.run(ParentRunner.java:309)
	at org.apache.maven.surefire.junit4.JUnit4TestSet.execute(JUnit4TestSet.java:53)
	at org.apache.maven.surefire.junit4.JUnit4Provider.executeTestSet(JUnit4Provider.java:123)
	at org.apache.maven.surefire.junit4.JUnit4Provider.invoke(JUnit4Provider.java:104)
	at sun.reflect.NativeMethodAccessorImpl.invoke0(Native Method)
	at sun.reflect.NativeMethodAccessorImpl.invoke(NativeMethodAccessorImpl.java:57)
	at sun.reflect.DelegatingMethodAccessorImpl.invoke(DelegatingMethodAccessorImpl.java:43)
	at java.lang.reflect.Method.invoke(Method.java:606)
	at org.apache.maven.surefire.util.ReflectionUtils.invokeMethodWithArray(ReflectionUtils.java:164)
	at org.apache.maven.surefire.booter.ProviderFactory$ProviderProxy.invoke(ProviderFactory.java:110)
	at org.apache.maven.surefire.booter.SurefireStarter.invokeProvider(SurefireStarter.java:175)
	at org.apache.maven.surefire.booter.SurefireStarter.runSuitesInProcessWhenForked(SurefireStarter.java:107)
	at org.apache.maven.surefire.booter.ForkedBooter.main(ForkedBooter.java:68)
